$BA: possibly delisted; no price data found  (period=1mo)
$GE: possibly delisted; no price data found  (period=1mo)
HTTP Error 404: {"quoteSummary":{"result":null,"error":{"code":"Not Found","description":"No fundamentals data found for symbol: SMH"}}}
SMH: No earnings dates found, symbol may be delisted
HTTP Error 404: {"quoteSummary":{"result":null,"error":{"code":"Not Found","description":"No fundamentals data found for symbol: XLK"}}}
XLK: No earnings dates found, symbol may be delisted
HTTP Error 404: {"quoteSummary":{"result":null,"error":{"code":"Not Found","description":"No fundamentals data found for symbol: QQQ"}}}
QQQ: No earnings dates found, symbol may be delisted
HTTP Error 404: {"quoteSummary":{"result":null,"error":{"code":"Not Found","description":"No fundamentals data found for symbol: XBI"}}}
XBI: No earnings dates found, symbol may be delisted
HTTP Error 404: {"quoteSummary":{"result":null,"error":{"code":"Not Found","description":"No fundamentals data found for symbol: SPY"}}}
SPY: No earnings dates found, symbol may be delisted
HTTP Error 404: {"quoteSummary":{"result":null,"error":{"code":"Not Found","description":"No fundamentals data found for symbol: GLD"}}}
GLD: No earnings dates found, symbol may be delisted
HTTP Error 404: {"quoteSummary":{"result":null,"error":{"code":"Not Found","description":"No fundamentals data found for symbol: IWM"}}}
IWM: No earnings dates found, symbol may be delisted
HTTP Error 404: {"quoteSummary":{"result":null,"error":{"code":"Not Found","description":"No fundamentals data found for symbol: TLT"}}}
TLT: No earnings dates found, symbol may be delisted
HTTP Error 404: {"quoteSummary":{"result":null,"error":{"code":"Not Found","description":"No fundamentals data found for symbol: XLI"}}}
XLI: No earnings dates found, symbol may be delisted
HTTP Error 404: {"quoteSummary":{"result":null,"error":{"code":"Not Found","description":"No fundamentals data found for symbol: DIA"}}}
DIA: No earnings dates found, symbol may be delisted
HTTP Error 404: {"quoteSummary":{"result":null,"error":{"code":"Not Found","description":"No fundamentals data found for symbol: XLF"}}}
XLF: No earnings dates found, symbol may be delisted
Run completed. Results: /Users/mdorjtse/workspace/stock_analyzer/data/daily/20260508/runs/20260508_170817
